1753651407: mosquitto version 2.0.22 starting
1753651407: Config loaded from /mosquitto/config/mosquitto.conf.
1753651407: Opening ipv4 listen socket on port 1883.
1753651407: Opening ipv6 listen socket on port 1883.
1753651407: mosquitto version 2.0.22 running
1753652023: mosquitto version 2.0.22 terminating
1753652023: Saving in-memory database to /mosquitto/data//mosquitto.db.
1753652024: mosquitto version 2.0.22 starting
1753652024: Config loaded from /mosquitto/config/mosquitto.conf.
1753652024: Opening ipv4 listen socket on port 1883.
1753652024: Opening ipv6 listen socket on port 1883.
1753652024: mosquitto version 2.0.22 running
1753653512: mosquitto version 2.0.22 terminating
1753653512: Saving in-memory database to /mosquitto/data//mosquitto.db.
1753653513: mosquitto version 2.0.22 starting
1753653513: Config loaded from /mosquitto/config/mosquitto.conf.
1753653513: Opening ipv4 listen socket on port 1883.
1753653513: Opening ipv6 listen socket on port 1883.
1753653513: mosquitto version 2.0.22 running
1753653798: mosquitto version 2.0.22 terminating
1753653798: Saving in-memory database to /mosquitto/data//mosquitto.db.
1753653799: mosquitto version 2.0.22 starting
1753653799: Config loaded from /mosquitto/config/mosquitto.conf.
1753653799: Opening ipv4 listen socket on port 1883.
1753653799: Opening ipv6 listen socket on port 1883.
1753653799: mosquitto version 2.0.22 running
1753653949: mosquitto version 2.0.22 terminating
1753653949: Saving in-memory database to /mosquitto/data//mosquitto.db.
1753653950: mosquitto version 2.0.22 starting
1753653950: Config loaded from /mosquitto/config/mosquitto.conf.
1753653950: Opening ipv4 listen socket on port 1883.
1753653950: Opening ipv6 listen socket on port 1883.
1753653950: mosquitto version 2.0.22 running
1753654139: mosquitto version 2.0.22 terminating
1753654139: Saving in-memory database to /mosquitto/data//mosquitto.db.
1753654140: mosquitto version 2.0.22 starting
1753654140: Config loaded from /mosquitto/config/mosquitto.conf.
1753654140: Opening ipv4 listen socket on port 1883.
1753654140: Opening ipv6 listen socket on port 1883.
1753654140: mosquitto version 2.0.22 running
1753655106: mosquitto version 2.0.22 terminating
1753655106: Saving in-memory database to /mosquitto/data//mosquitto.db.
1753655135: mosquitto version 2.0.22 starting
1753655135: Config loaded from /mosquitto/config/mosquitto.conf.
1753655135: Opening ipv4 listen socket on port 1883.
1753655135: Opening ipv6 listen socket on port 1883.
1753655135: mosquitto version 2.0.22 running
1753655300: mosquitto version 2.0.22 terminating
1753655300: Saving in-memory database to /mosquitto/data//mosquitto.db.
1753655327: mosquitto version 2.0.22 starting
1753655327: Config loaded from /mosquitto/config/mosquitto.conf.
1753655327: Opening ipv4 listen socket on port 1883.
1753655327: Opening ipv6 listen socket on port 1883.
1753655327: mosquitto version 2.0.22 running
1753655775: mosquitto version 2.0.22 terminating
1753655775: Saving in-memory database to /mosquitto/data//mosquitto.db.
1753655777: mosquitto version 2.0.22 starting
1753655777: Config loaded from /mosquitto/config/mosquitto.conf.
1753655777: Opening ipv4 listen socket on port 1883.
1753655777: Opening ipv6 listen socket on port 1883.
1753655777: mosquitto version 2.0.22 running
1753656320: mosquitto version 2.0.22 terminating
1753656320: Saving in-memory database to /mosquitto/data//mosquitto.db.
1753656332: mosquitto version 2.0.22 starting
1753656332: Config loaded from /mosquitto/config/mosquitto.conf.
1753656332: Opening ipv4 listen socket on port 1883.
1753656332: Opening ipv6 listen socket on port 1883.
1753656332: mosquitto version 2.0.22 running
1753656740: mosquitto version 2.0.22 terminating
1753656740: Saving in-memory database to /mosquitto/data//mosquitto.db.
1753656752: mosquitto version 2.0.22 starting
1753656752: Config loaded from /mosquitto/config/mosquitto.conf.
1753656752: Opening ipv4 listen socket on port 1883.
1753656752: Opening ipv6 listen socket on port 1883.
1753656752: mosquitto version 2.0.22 running
1753656926: mosquitto version 2.0.22 terminating
1753656926: Saving in-memory database to /mosquitto/data//mosquitto.db.
1753656937: mosquitto version 2.0.22 starting
1753656937: Config loaded from /mosquitto/config/mosquitto.conf.
1753656937: Opening ipv4 listen socket on port 1883.
1753656937: Opening ipv6 listen socket on port 1883.
1753656937: mosquitto version 2.0.22 running
1753656969: mosquitto version 2.0.22 terminating
1753656969: Saving in-memory database to /mosquitto/data//mosquitto.db.
1753656981: mosquitto version 2.0.22 starting
1753656981: Config loaded from /mosquitto/config/mosquitto.conf.
1753656981: Opening ipv4 listen socket on port 1883.
1753656981: Opening ipv6 listen socket on port 1883.
1753656981: mosquitto version 2.0.22 running
1753657510: mosquitto version 2.0.22 terminating
1753657510: Saving in-memory database to /mosquitto/data//mosquitto.db.
1753657521: mosquitto version 2.0.22 starting
1753657521: Config loaded from /mosquitto/config/mosquitto.conf.
1753657521: Opening ipv4 listen socket on port 1883.
1753657521: Opening ipv6 listen socket on port 1883.
1753657521: mosquitto version 2.0.22 running
1753657971: mosquitto version 2.0.22 terminating
1753657971: Saving in-memory database to /mosquitto/data//mosquitto.db.
1753657982: mosquitto version 2.0.22 starting
1753657982: Config loaded from /mosquitto/config/mosquitto.conf.
1753657982: Opening ipv4 listen socket on port 1883.
1753657982: Opening ipv6 listen socket on port 1883.
1753657982: mosquitto version 2.0.22 running
1753658165: mosquitto version 2.0.22 terminating
1753658165: Saving in-memory database to /mosquitto/data//mosquitto.db.
1753658177: mosquitto version 2.0.22 starting
1753658177: Config loaded from /mosquitto/config/mosquitto.conf.
1753658177: Opening ipv4 listen socket on port 1883.
1753658177: Opening ipv6 listen socket on port 1883.
1753658177: mosquitto version 2.0.22 running
1753668644: mosquitto version 2.0.22 terminating
1753668644: Saving in-memory database to /mosquitto/data//mosquitto.db.
1753668674: mosquitto version 2.0.22 starting
1753668674: Config loaded from /mosquitto/config/mosquitto.conf.
1753668674: Opening ipv4 listen socket on port 1883.
1753668674: Opening ipv6 listen socket on port 1883.
1753668674: mosquitto version 2.0.22 running
1753668987: mosquitto version 2.0.22 terminating
1753668987: Saving in-memory database to /mosquitto/data//mosquitto.db.
1753669016: mosquitto version 2.0.22 starting
1753669016: Config loaded from /mosquitto/config/mosquitto.conf.
1753669016: Opening ipv4 listen socket on port 1883.
1753669016: Opening ipv6 listen socket on port 1883.
1753669016: mosquitto version 2.0.22 running
1753670496: mosquitto version 2.0.22 terminating
1753670496: Saving in-memory database to /mosquitto/data//mosquitto.db.
1753670524: mosquitto version 2.0.22 starting
1753670524: Config loaded from /mosquitto/config/mosquitto.conf.
1753670524: Opening ipv4 listen socket on port 1883.
1753670524: Opening ipv6 listen socket on port 1883.
1753670524: mosquitto version 2.0.22 running
1753670639: mosquitto version 2.0.22 terminating
1753670639: Saving in-memory database to /mosquitto/data//mosquitto.db.
1753670651: mosquitto version 2.0.22 starting
1753670651: Config loaded from /mosquitto/config/mosquitto.conf.
1753670651: Opening ipv4 listen socket on port 1883.
1753670651: Opening ipv6 listen socket on port 1883.
1753670651: mosquitto version 2.0.22 running
1753671394: mosquitto version 2.0.22 terminating
1753671394: Saving in-memory database to /mosquitto/data//mosquitto.db.
1753671407: mosquitto version 2.0.22 starting
1753671407: Config loaded from /mosquitto/config/mosquitto.conf.
1753671407: Opening ipv4 listen socket on port 1883.
1753671407: Opening ipv6 listen socket on port 1883.
1753671407: mosquitto version 2.0.22 running
1753673207: Saving in-memory database to /mosquitto/data//mosquitto.db.
1753675008: Saving in-memory database to /mosquitto/data//mosquitto.db.
1753676348: mosquitto version 2.0.22 terminating
1753676348: Saving in-memory database to /mosquitto/data//mosquitto.db.
1753676361: mosquitto version 2.0.22 starting
1753676361: Config loaded from /mosquitto/config/mosquitto.conf.
1753676361: Opening ipv4 listen socket on port 1883.
1753676361: Opening ipv6 listen socket on port 1883.
1753676361: mosquitto version 2.0.22 running
1753678161: Saving in-memory database to /mosquitto/data//mosquitto.db.
